 ====================================================
 g++11 RUN AND COMPILE [Tue 26 Sep 2021 22:20:42 PDT]
 ====================================================
FSEXXISGLUTMXRBEHXPSOFMBBFXREGSOLBFSBCXISDXYYLLUGKFSUOLMBSGFMYBSEJRCXUKMCKXSDXYYLCRKFMBYXRKFDEXBSKXFSOSLODXYYLLUGVFMBCSOSGBFSBRUGSOBSUKSUDSXJSTSDRKMXUGXKVFLKJXOBLMGLEMDSGXKGMGHXRBLHVFLKLCMKHKFSOLAAMKLBISGGXKUXDXYYLMGMGUKDXYYLBLMGLEMDSMGXUKKFMUIMKBLKLEELCMKHGXKMBLMGVFLKJXOBFSAXTSGKFSQRSSUBSLOBKFSOLAAMKASZLUGXKLEMDSZLPSLEMKKESBDOSLYXJELRZFKSOGXKXFDXYYLFRBFKFSOLAAMKVFMBCSOSGMULJOMZFKSUSGKXUSGXKKFSQRSSUVMEEFSLOHXRHXRBSSDXYYLBFSDLYSOLKFSOELKSDXYYLLUGKFSQRSSUBLMGZSKKXHXROCELDSBBFXRKSGKFSQRSSUMULPXMDSXJKFRUGSODXYYLLUGCSXCESASZLUORUUMUZLAXRKMULEEGMOSDKMXUBDXYYLKRYAEMUZRCLZLMUBKSLDFXKFSOFXVSPSODXYYLKFSHZXKBSKKESGGXVUMULYMURKSXOKVXDXYYLLUGKFSZLYSASZLU

 enter the string :

 the string is FSEXXISGLUTMXRBEHXPSOFMBBFXREGSOLBFSBCXISDXYYLLUGKFSUOLMBSGFMYBSEJRCXUKMCKXSDXYYLCRKFMBYXRKFDEXBSKXFSOSLODXYYLLUGVFMBCSOSGBFSBRUGSOBSUKSUDSXJSTSDRKMXUGXKVFLKJXOBLMGLEMDSGXKGMGHXRBLHVFLKLCMKHKFSOLAAMKLBISGGXKUXDXYYLMGMGUKDXYYLBLMGLEMDSMGXUKKFMUIMKBLKLEELCMKHGXKMBLMGVFLKJXOBFSAXTSGKFSQRSSUBSLOBKFSOLAAMKASZLUGXKLEMDSZLPSLEMKKESBDOSLYXJELRZFKSOGXKXFDXYYLFRBFKFSOLAAMKVFMBCSOSGMULJOMZFKSUSGKXUSGXKKFSQRSSUVMEEFSLOHXRHXRBSSDXYYLBFSDLYSOLKFSOELKSDXYYLLUGKFSQRSSUBLMGZSKKXHXROCELDSBBFXRKSGKFSQRSSUMULPXMDSXJKFRUGSODXYYLLUGCSXCESASZLUORUUMUZLAXRKMULEEGMOSDKMXUBDXYYLKRYAEMUZRCLZLMUBKSLDFXKFSOFXVSPSODXYYLKFSHZXKBSKKESGGXVUMULYMURKSXOKVXDXYYLLUGKFSZLYSASZLU
 histogram is

A - 12
B - 33
C - 12
D - 24
E - 22
F - 39
G - 35
H - 9
I - 4
J - 7
K - 58
L - 62
M - 42
O - 27
P - 4
Q - 4
R - 24
S - 81
T - 3
U - 38
V - 9
X - 57
Y - 31
Z - 12
 subtitution map is

A -> Z
B -> R
C -> F
D -> C
E -> M
F -> N
G -> H
H -> Y
I -> V
J -> B
K -> A
L -> T
M -> I
O -> D
P -> K
Q -> J
R -> U
S -> E
T -> X
U -> S
V -> P
X -> O
Y -> L
Z -> G
-------------------------

 the new string is NEMOOVEHTSXIOURMYOKEDNIRRNOUMHEDTRNERFOVECOLLTTSHANESDTIREHNILREMBUFOSAIFAOECOLLTFUANIRLOUANCMOREAONEDETDCOLLTTSHPNIRFEDEHRNERUSHEDRESAESCEOBEXECUAIOSHOAPNTABODRTIHTMICEHOAHIHYOURTYPNTATFIAYANEDTZZIATRVEHHOASOCOLLTIHIHSACOLLTRTIHTMICEIHOSAANISVIARTATMMTFIAYHOAIRTIHPNTABODRNEZOXEHANEJUEESRETDRANEDTZZIAZEGTSHOATMICEGTKETMIAAMERCDETLOBMTUGNAEDHOAONCOLLTNURNANEDTZZIAPNIRFEDEHISTBDIGNAESEHAOSEHOAANEJUEESPIMMNETDYOUYOUREECOLLTRNECTLEDTANEDMTAECOLLTTSHANEJUEESRTIHGEAAOYOUDFMTCERRNOUAEHANEJUEESISTKOICEOBANUSHEDCOLLTTSHFEOFMEZEGTSDUSSISGTZOUAISTMMHIDECAIOSRCOLLTAULZMISGUFTGTISRAETCNOANEDNOPEKEDCOLLTANEYGOAREAAMEHHOPSISTLISUAEODAPOCOLLTTSHANEGTLEZEGTS
-------------------------

 enter
1 to find a string
2 to subtitute	1
THE

{0,N}{0,E}{0,M}{0,O}{0,O}{0,V}{0,E}{0,H}{0,T}{0,S}{0,X}{0,I}{0,O}{0,U}{0,R}{0,M}{0,Y}{1,O}{0,K}{0,E}{0,D}{1,N}{0,I}{0,R}{0,R}{0,N}{0,O}{0,U}{0,M}{0,H}{2,E}{0,D}{0,T}{0,R}{0,N}{0,E}{0,R}{0,F}{0,O}{0,V}{0,E}{0,C}{0,O}{0,L}{0,L}{0,T}{2,T}{0,S}{0,H}{0,A}{0,N}{0,E}{0,S}{0,D}{0,T}{1,I}{0,R}{0,E}{0,H}{0,N}{0,I}{0,L}{0,R}{0,E}{0,M}{0,B}{0,U}{0,F}{0,O}{0,S}{0,A}{0,I}{0,F}{0,A}{0,O}{0,E}{0,C}{0,O}{0,L}{0,L}{1,T}{0,F}{0,U}{0,A}{0,N}{0,I}{0,R}{1,L}{0,O}{0,U}{0,A}{0,N}{0,C}{0,M}{0,O}{2,R}{0,E}{0,A}{0,O}{0,N}{0,E}{0,D}{0,E}{0,T}{0,D}{0,C}{0,O}{0,L}{0,L}{0,T}{1,T}{0,S}{0,H}{0,P}{0,N}{0,I}{0,R}{0,F}{0,E}{2,D}{0,E}{0,H}{0,R}{0,N}{0,E}{0,R}{0,U}{0,S}{0,H}{0,E}{0,D}{0,R}{0,E}{0,S}{0,A}{0,E}{0,S}{0,C}{0,E}{0,O}{0,B}{0,E}{0,X}{0,E}{0,C}{0,U}{0,A}{0,I}{0,O}{0,S}{1,H}{0,O}{0,A}{0,P}{0,N}{0,T}{0,A}{0,B}{0,O}{0,D}{0,R}{0,T}{0,I}{0,H}{0,T}{0,M}{0,I}{0,C}{0,E}{0,H}{0,O}{0,A}{0,H}{0,I}{0,H}{0,Y}{0,O}{0,U}{1,R}{0,T}{0,Y}{0,P}{0,N}{0,T}{0,A}{0,T}{0,F}{2,I}{0,A}{0,Y}{0,A}{0,N}{0,E}{0,D}{0,T}{0,Z}{0,Z}{0,I}{0,A}{0,T}{0,R}{0,V}{0,E}{0,H}{0,H}{0,O}{0,A}{0,S}{0,O}{0,C}{0,O}{0,L}{0,L}{0,T}{0,I}{0,H}{0,I}{0,H}{0,S}{0,A}{0,C}{0,O}{0,L}{0,L}{0,T}{0,R}{0,T}{0,I}{0,H}{0,T}{0,M}{0,I}{0,C}{0,E}{0,I}{0,H}{1,O}{0,S}{0,A}{0,A}{0,N}{0,I}{0,S}{0,V}{0,I}{0,A}{0,R}{0,T}{0,A}{0,T}{0,M}{0,M}{0,T}{0,F}{0,I}{0,A}{0,Y}{0,H}{0,O}{0,A}{0,I}{0,R}{1,T}{0,I}{0,H}{0,P}{0,N}{0,T}{0,A}{2,B}{0,O}{0,D}{0,R}{0,N}{0,E}{0,Z}{0,O}{2,X}{0,E}{0,H}{0,A}{0,N}{0,E}{0,J}{0,U}{0,E}{0,E}{0,S}{0,R}{0,E}{2,T}{0,D}{0,R}{0,A}{0,N}{0,E}{0,D}{0,T}{0,Z}{0,Z}{0,I}{0,A}{0,Z}{0,E}{0,G}{0,T}{0,S}{0,H}{0,O}{0,A}{0,T}{0,M}{0,I}{0,C}{0,E}{0,G}{0,T}{0,K}{0,E}{0,T}{0,M}{0,I}{0,A}{0,A}{0,M}{0,E}{0,R}{0,C}{0,D}{0,E}{0,T}{0,L}{0,O}{0,B}{1,M}{0,T}{0,U}{0,G}{0,N}{0,A}{0,E}{0,D}{1,H}{0,O}{0,A}{0,O}{0,N}{0,C}{1,O}{0,L}{0,L}{1,T}{0,N}{2,U}{0,R}{0,N}{0,A}{0,N}{0,E}{0,D}{0,T}{0,Z}{1,Z}{0,I}{0,A}{0,P}{0,N}{0,I}{0,R}{0,F}{0,E}{0,D}{0,E}{0,H}{0,I}{0,S}{0,T}{1,B}{0,D}{0,I}{0,G}{0,N}{0,A}{0,E}{0,S}{0,E}{0,H}{0,A}{0,O}{0,S}{0,E}{2,H}{0,O}{0,A}{0,A}{0,N}{0,E}{0,J}{0,U}{0,E}{0,E}{0,S}{2,P}{0,I}{0,M}{0,M}{0,N}{0,E}{0,T}{0,D}{0,Y}{0,O}{0,U}{0,Y}{0,O}{0,U}{0,R}{0,E}{0,E}{0,C}{0,O}{2,L}{0,L}{0,T}{0,R}{0,N}{0,E}{0,C}{0,T}{0,L}{2,E}{0,D}{0,T}{0,A}{0,N}{0,E}{0,D}{0,M}{0,T}{0,A}{0,E}{0,C}{0,O}{0,L}{0,L}{0,T}{2,T}{0,S}{0,H}{0,A}{0,N}{0,E}{0,J}{0,U}{0,E}{0,E}{0,S}{0,R}{0,T}{0,I}{0,H}{0,G}{0,E}{0,A}{0,A}{0,O}{0,Y}{0,O}{0,U}{0,D}{0,F}{0,M}{0,T}{1,C}{0,E}{0,R}{0,R}{0,N}{0,O}{0,U}{2,A}{0,E}{0,H}{0,A}{0,N}{0,E}{0,J}{0,U}{0,E}{0,E}{0,S}{0,I}{0,S}{0,T}{0,K}{0,O}{0,I}{0,C}{1,E}{0,O}{0,B}{0,A}{0,N}{0,U}{0,S}{0,H}{0,E}{0,D}{0,C}{0,O}{0,L}{0,L}{0,T}{0,T}{0,S}{0,H}{0,F}{0,E}{0,O}{0,F}{0,M}{0,E}{0,Z}{0,E}{0,G}{0,T}{0,S}{0,D}{0,U}{0,S}{0,S}{0,I}{0,S}{0,G}{0,T}{0,Z}{0,O}{0,U}{0,A}{0,I}{0,S}{0,T}{0,M}{0,M}{0,H}{0,I}{0,D}{0,E}{0,C}{0,A}{0,I}{0,O}{0,S}{0,R}{0,C}{0,O}{0,L}{0,L}{0,T}{0,A}{0,U}{0,L}{0,Z}{0,M}{0,I}{0,S}{0,G}{0,U}{0,F}{0,T}{0,G}{0,T}{0,I}{0,S}{0,R}{1,A}{0,E}{0,T}{2,C}{0,N}{0,O}{1,A}{0,N}{0,E}{0,D}{0,N}{0,O}{0,P}{0,E}{0,K}{0,E}{0,D}{0,C}{0,O}{2,L}{0,L}{0,T}{0,A}{0,N}{0,E}{0,Y}{0,G}{0,O}{0,A}{0,R}{0,E}{0,A}{0,A}{0,M}{0,E}{0,H}{0,H}{0,O}{0,P}{0,S}{0,I}{0,S}{0,T}{0,L}{0,I}{0,S}{0,U}{0,A}{0,E}{0,O}{0,D}{0,A}{0,P}{0,O}{0,C}{0,O}{0,L}{0,L}{0,T}{2,T}{0,S}{0,H}{0,A}{0,N}{0,E}{0,G}{0,T}{0,L}{0,E}{0,Z}{0,E}{0,G}{0,T}{0,S}

 SELECTED SUBSTRING ARE
{1,O}{0,K}{0,E}{0,D}{2,E}{0,D}{0,T}{0,R}{2,T}{0,S}{0,H}{0,A}{1,I}{0,R}{0,E}{0,H}{1,T}{0,F}{0,U}{0,A}{1,L}{0,O}{0,U}{0,A}{2,R}{0,E}{0,A}{0,O}{1,T}{0,S}{0,H}{0,P}{2,D}{0,E}{0,H}{0,R}{1,H}{0,O}{0,A}{0,P}{1,R}{0,T}{0,Y}{0,P}{2,I}{0,A}{0,Y}{0,A}{1,O}{0,S}{0,A}{0,A}{1,T}{0,I}{0,H}{0,P}{2,B}{0,O}{0,D}{0,R}{2,X}{0,E}{0,H}{0,A}{2,T}{0,D}{0,R}{0,A}{1,M}{0,T}{0,U}{0,G}{1,H}{0,O}{0,A}{0,O}{1,O}{0,L}{0,L}{1,T}{2,U}{0,R}{0,N}{0,A}{1,Z}{0,I}{0,A}{0,P}{1,B}{0,D}{0,I}{0,G}{2,H}{0,O}{0,A}{0,A}{2,P}{0,I}{0,M}{0,M}{2,L}{0,L}{0,T}{0,R}{2,E}{0,D}{0,T}{0,A}{2,T}{0,S}{0,H}{0,A}{1,C}{0,E}{0,R}{0,R}{2,A}{0,E}{0,H}{0,A}{1,E}{0,O}{0,B}{0,A}{1,A}{0,E}{0,T}{2,C}{1,A}{0,N}{0,E}{0,D}{2,L}{0,L}{0,T}{0,A}{2,T}{0,S}{0,H}{0,A}
 the manunlly set subtition keys enter ther Key Value pairs K->V && V->K 	A T

-------------------------

 replaced A -> T

 the new string is NEMOOVEHASXIOURMYOKEDNIRRNOUMHEDARNERFOVECOLLAASHTNESDAIREHNILREMBUFOSTIFTOECOLLAFUTNIRLOUTNCMORETONEDEADCOLLAASHPNIRFEDEHRNERUSHEDRESTESCEOBEXECUTIOSHOTPNATBODRAIHAMICEHOTHIHYOURAYPNATAFITYTNEDAZZITARVEHHOTSOCOLLAIHIHSTCOLLARAIHAMICEIHOSTTNISVITRATAMMAFITYHOTIRAIHPNATBODRNEZOXEHTNEJUEESREADRTNEDAZZITZEGASHOTAMICEGAKEAMITTMERCDEALOBMAUGNTEDHOTONCOLLANURNTNEDAZZITPNIRFEDEHISABDIGNTESEHTOSEHOTTNEJUEESPIMMNEADYOUYOUREECOLLARNECALEDATNEDMATECOLLAASHTNEJUEESRAIHGETTOYOUDFMACERRNOUTEHTNEJUEESISAKOICEOBTNUSHEDCOLLAASHFEOFMEZEGASDUSSISGAZOUTISAMMHIDECTIOSRCOLLATULZMISGUFAGAISRTEACNOTNEDNOPEKEDCOLLATNEYGOTRETTMEHHOPSISALISUTEODTPOCOLLAASHTNEGALEZEGAS
 enter
1 to find a string
2 to subtitute	2

 the manunlly set subtition keys enter ther Key Value pairs K->V && V->K 	N H

-------------------------

 replaced N -> H

 the new string is HEMOOVENASXIOURMYOKEDHIRRHOUMNEDARHERFOVECOLLAASNTHESDAIRENHILREMBUFOSTIFTOECOLLAFUTHIRLOUTHCMORETOHEDEADCOLLAASNPHIRFEDENRHERUSNEDRESTESCEOBEXECUTIOSNOTPHATBODRAINAMICENOTNINYOURAYPHATAFITYTHEDAZZITARVENNOTSOCOLLAININSTCOLLARAINAMICEINOSTTHISVITRATAMMAFITYNOTIRAINPHATBODRHEZOXENTHEJUEESREADRTHEDAZZITZEGASNOTAMICEGAKEAMITTMERCDEALOBMAUGHTEDNOTOHCOLLAHURHTHEDAZZITPHIRFEDENISABDIGHTESENTOSENOTTHEJUEESPIMMHEADYOUYOUREECOLLARHECALEDATHEDMATECOLLAASNTHEJUEESRAINGETTOYOUDFMACERRHOUTENTHEJUEESISAKOICEOBTHUSNEDCOLLAASNFEOFMEZEGASDUSSISGAZOUTISAMMNIDECTIOSRCOLLATULZMISGUFAGAISRTEACHOTHEDHOPEKEDCOLLATHEYGOTRETTMENNOPSISALISUTEODTPOCOLLAASNTHEGALEZEGAS
 enter
1 to find a string
2 to subtitute	1
THEY

{0,H}{0,E}{0,M}{0,O}{0,O}{0,V}{0,E}{0,N}{0,A}{0,S}{0,X}{0,I}{0,O}{0,U}{0,R}{0,M}{1,Y}{0,O}{0,K}{0,E}{1,D}{0,H}{0,I}{0,R}{0,R}{0,H}{0,O}{0,U}{0,M}{2,N}{0,E}{0,D}{0,A}{0,R}{0,H}{0,E}{0,R}{0,F}{0,O}{0,V}{0,E}{0,C}{0,O}{0,L}{0,L}{2,A}{0,A}{0,S}{0,N}{0,T}{0,H}{0,E}{0,S}{0,D}{1,A}{0,I}{0,R}{0,E}{0,N}{0,H}{0,I}{0,L}{0,R}{0,E}{0,M}{0,B}{0,U}{0,F}{0,O}{0,S}{0,T}{0,I}{0,F}{0,T}{0,O}{0,E}{0,C}{0,O}{0,L}{1,L}{0,A}{0,F}{0,U}{0,T}{0,H}{0,I}{1,R}{0,L}{0,O}{0,U}{0,T}{0,H}{0,C}{0,M}{2,O}{0,R}{0,E}{0,T}{0,O}{0,H}{0,E}{0,D}{0,E}{0,A}{0,D}{0,C}{0,O}{0,L}{0,L}{1,A}{0,A}{0,S}{0,N}{0,P}{0,H}{0,I}{0,R}{0,F}{2,E}{0,D}{0,E}{0,N}{0,R}{0,H}{0,E}{0,R}{0,U}{0,S}{0,N}{0,E}{0,D}{0,R}{0,E}{0,S}{0,T}{0,E}{0,S}{0,C}{0,E}{0,O}{0,B}{0,E}{0,X}{0,E}{0,C}{0,U}{0,T}{0,I}{0,O}{1,S}{0,N}{0,O}{0,T}{0,P}{0,H}{0,A}{0,T}{0,B}{0,O}{0,D}{0,R}{0,A}{0,I}{0,N}{0,A}{0,M}{0,I}{0,C}{0,E}{0,N}{0,O}{0,T}{0,N}{0,I}{0,N}{0,Y}{0,O}{1,U}{0,R}{0,A}{0,Y}{0,P}{0,H}{0,A}{0,T}{0,A}{2,F}{0,I}{0,T}{0,Y}{0,T}{0,H}{0,E}{0,D}{0,A}{0,Z}{0,Z}{0,I}{0,T}{0,A}{0,R}{0,V}{0,E}{0,N}{0,N}{0,O}{0,T}{0,S}{0,O}{0,C}{0,O}{0,L}{0,L}{0,A}{0,I}{0,N}{0,I}{0,N}{0,S}{0,T}{0,C}{0,O}{0,L}{0,L}{0,A}{0,R}{0,A}{0,I}{0,N}{0,A}{0,M}{0,I}{0,C}{0,E}{0,I}{1,N}{0,O}{0,S}{0,T}{0,T}{0,H}{0,I}{0,S}{0,V}{0,I}{0,T}{0,R}{0,A}{0,T}{0,A}{0,M}{0,M}{0,A}{0,F}{0,I}{0,T}{0,Y}{0,N}{0,O}{0,T}{0,I}{1,R}{0,A}{0,I}{0,N}{0,P}{0,H}{0,A}{2,T}{0,B}{0,O}{0,D}{0,R}{0,H}{0,E}{0,Z}{2,O}{0,X}{0,E}{0,N}{0,T}{0,H}{0,E}{0,J}{0,U}{0,E}{0,E}{0,S}{0,R}{2,E}{0,A}{0,D}{0,R}{0,T}{0,H}{0,E}{0,D}{0,A}{0,Z}{0,Z}{0,I}{0,T}{0,Z}{0,E}{0,G}{0,A}{0,S}{0,N}{0,O}{0,T}{0,A}{0,M}{0,I}{0,C}{0,E}{0,G}{0,A}{0,K}{0,E}{0,A}{0,M}{0,I}{0,T}{0,T}{0,M}{0,E}{0,R}{0,C}{0,D}{0,E}{0,A}{0,L}{0,O}{1,B}{0,M}{0,A}{0,U}{0,G}{0,H}{0,T}{0,E}{1,D}{0,N}{0,O}{0,T}{0,O}{0,H}{1,C}{0,O}{0,L}{1,L}{0,A}{2,H}{0,U}{0,R}{0,H}{0,T}{0,H}{0,E}{0,D}{0,A}{1,Z}{0,Z}{0,I}{0,T}{0,P}{0,H}{0,I}{0,R}{0,F}{0,E}{0,D}{0,E}{0,N}{0,I}{0,S}{1,A}{0,B}{0,D}{0,I}{0,G}{0,H}{0,T}{0,E}{0,S}{0,E}{0,N}{0,T}{0,O}{0,S}{2,E}{0,N}{0,O}{0,T}{0,T}{0,H}{0,E}{0,J}{0,U}{0,E}{0,E}{2,S}{0,P}{0,I}{0,M}{0,M}{0,H}{0,E}{0,A}{0,D}{0,Y}{0,O}{0,U}{0,Y}{0,O}{0,U}{0,R}{0,E}{0,E}{0,C}{2,O}{0,L}{0,L}{0,A}{0,R}{0,H}{0,E}{0,C}{0,A}{2,L}{0,E}{0,D}{0,A}{0,T}{0,H}{0,E}{0,D}{0,M}{0,A}{0,T}{0,E}{0,C}{0,O}{0,L}{0,L}{2,A}{0,A}{0,S}{0,N}{0,T}{0,H}{0,E}{0,J}{0,U}{0,E}{0,E}{0,S}{0,R}{0,A}{0,I}{0,N}{0,G}{0,E}{0,T}{0,T}{0,O}{0,Y}{0,O}{0,U}{0,D}{0,F}{0,M}{1,A}{0,C}{0,E}{0,R}{0,R}{0,H}{0,O}{2,U}{0,T}{0,E}{0,N}{0,T}{0,H}{0,E}{0,J}{0,U}{0,E}{0,E}{0,S}{0,I}{0,S}{0,A}{0,K}{0,O}{0,I}{1,C}{0,E}{0,O}{0,B}{0,T}{0,H}{0,U}{0,S}{0,N}{0,E}{0,D}{0,C}{0,O}{0,L}{0,L}{0,A}{0,A}{0,S}{0,N}{0,F}{0,E}{0,O}{0,F}{0,M}{0,E}{0,Z}{0,E}{0,G}{0,A}{0,S}{0,D}{0,U}{0,S}{0,S}{0,I}{0,S}{0,G}{0,A}{0,Z}{0,O}{0,U}{0,T}{0,I}{0,S}{0,A}{0,M}{0,M}{0,N}{0,I}{0,D}{0,E}{0,C}{0,T}{0,I}{0,O}{0,S}{0,R}{0,C}{0,O}{0,L}{0,L}{0,A}{0,T}{0,U}{0,L}{0,Z}{0,M}{0,I}{0,S}{0,G}{0,U}{0,F}{0,A}{0,G}{0,A}{0,I}{0,S}{1,R}{0,T}{0,E}{2,A}{0,C}{0,H}{1,O}{0,T}{0,H}{0,E}{0,D}{0,H}{0,O}{0,P}{0,E}{0,K}{0,E}{0,D}{0,C}{2,O}{0,L}{0,L}{0,A}{0,T}{0,H}{0,E}{0,Y}{0,G}{0,O}{0,T}{0,R}{0,E}{0,T}{0,T}{0,M}{0,E}{0,N}{0,N}{0,O}{0,P}{0,S}{0,I}{0,S}{0,A}{0,L}{0,I}{0,S}{0,U}{0,T}{0,E}{0,O}{0,D}{0,T}{0,P}{0,O}{0,C}{0,O}{0,L}{0,L}{2,A}{0,A}{0,S}{0,N}{0,T}{0,H}{0,E}{0,G}{0,A}{0,L}{0,E}{0,Z}{0,E}{0,G}{0,A}{0,S}

 SELECTED SUBSTRING ARE
{1,Y}{0,O}{0,K}{0,E}{1,D}{2,N}{0,E}{0,D}{0,A}{0,R}{2,A}{0,A}{0,S}{0,N}{0,T}{1,A}{0,I}{0,R}{0,E}{0,N}{1,L}{0,A}{0,F}{0,U}{0,T}{1,R}{0,L}{0,O}{0,U}{0,T}{2,O}{0,R}{0,E}{0,T}{0,O}{1,A}{0,A}{0,S}{0,N}{0,P}{2,E}{0,D}{0,E}{0,N}{0,R}{1,S}{0,N}{0,O}{0,T}{0,P}{1,U}{0,R}{0,A}{0,Y}{0,P}{2,F}{0,I}{0,T}{0,Y}{0,T}{1,N}{0,O}{0,S}{0,T}{0,T}{1,R}{0,A}{0,I}{0,N}{0,P}{2,T}{0,B}{0,O}{0,D}{0,R}{2,O}{0,X}{0,E}{0,N}{0,T}{2,E}{0,A}{0,D}{0,R}{0,T}{1,B}{0,M}{0,A}{0,U}{0,G}{1,D}{0,N}{0,O}{0,T}{0,O}{1,C}{0,O}{0,L}{1,L}{0,A}{1,Z}{0,Z}{0,I}{0,T}{0,P}{1,A}{0,B}{0,D}{0,I}{0,G}{2,E}{0,N}{0,O}{0,T}{0,T}{2,S}{0,P}{0,I}{0,M}{0,M}{2,O}{0,L}{0,L}{0,A}{0,R}{2,L}{0,E}{0,D}{0,A}{0,T}{2,A}{0,A}{0,S}{0,N}{0,T}{1,A}{0,C}{0,E}{0,R}{0,R}{2,U}{0,T}{0,E}{0,N}{0,T}{1,C}{0,E}{0,O}{0,B}{0,T}{1,R}{0,T}{0,E}{2,A}{0,C}{1,O}{0,T}{0,H}{0,E}{0,D}{2,O}{0,L}{0,L}{0,A}{0,T}{2,A}{0,A}{0,S}{0,N}{0,T}
 the manunlly set subtition keys enter ther Key Value pairs K->V && V->K 	A A

-------------------------

 replaced A -> A

 the new string is HEMOOVENASXIOURMYOKEDHIRRHOUMNEDARHERFOVECOLLAASNTHESDAIRENHILREMBUFOSTIFTOECOLLAFUTHIRLOUTHCMORETOHEDEADCOLLAASNPHIRFEDENRHERUSNEDRESTESCEOBEXECUTIOSNOTPHATBODRAINAMICENOTNINYOURAYPHATAFITYTHEDAZZITARVENNOTSOCOLLAININSTCOLLARAINAMICEINOSTTHISVITRATAMMAFITYNOTIRAINPHATBODRHEZOXENTHEJUEESREADRTHEDAZZITZEGASNOTAMICEGAKEAMITTMERCDEALOBMAUGHTEDNOTOHCOLLAHURHTHEDAZZITPHIRFEDENISABDIGHTESENTOSENOTTHEJUEESPIMMHEADYOUYOUREECOLLARHECALEDATHEDMATECOLLAASNTHEJUEESRAINGETTOYOUDFMACERRHOUTENTHEJUEESISAKOICEOBTHUSNEDCOLLAASNFEOFMEZEGASDUSSISGAZOUTISAMMNIDECTIOSRCOLLATULZMISGUFAGAISRTEACHOTHEDHOPEKEDCOLLATHEYGOTRETTMENNOPSISALISUTEODTPOCOLLAASNTHEGALEZEGAS
 enter
1 to find a string
2 to subtitute	2

 the manunlly set subtition keys enter ther Key Value pairs K->V && V->K 	R S

-------------------------

 replaced R -> S

 the new string is HEMOOVENARXIOUSMYOKEDHISSHOUMNEDASHESFOVECOLLAARNTHERDAISENHILSEMBUFORTIFTOECOLLAFUTHISLOUTHCMOSETOHEDEADCOLLAARNPHISFEDENSHESURNEDSERTERCEOBEXECUTIORNOTPHATBODSAINAMICENOTNINYOUSAYPHATAFITYTHEDAZZITASVENNOTROCOLLAININRTCOLLASAINAMICEINORTTHIRVITSATAMMAFITYNOTISAINPHATBODSHEZOXENTHEJUEERSEADSTHEDAZZITZEGARNOTAMICEGAKEAMITTMESCDEALOBMAUGHTEDNOTOHCOLLAHUSHTHEDAZZITPHISFEDENIRABDIGHTERENTORENOTTHEJUEERPIMMHEADYOUYOUSEECOLLASHECALEDATHEDMATECOLLAARNTHEJUEERSAINGETTOYOUDFMACESSHOUTENTHEJUEERIRAKOICEOBTHURNEDCOLLAARNFEOFMEZEGARDURRIRGAZOUTIRAMMNIDECTIORSCOLLATULZMIRGUFAGAIRSTEACHOTHEDHOPEKEDCOLLATHEYGOTSETTMENNOPRIRALIRUTEODTPOCOLLAARNTHEGALEZEGAR
 enter
1 to find a string
2 to subtitute	2

 the manunlly set subtition keys enter ther Key Value pairs K->V && V->K 	M L

-------------------------

 replaced M -> L

 the new string is HELOOVENARXIOUSLYOKEDHISSHOULNEDASHESFOVECOMMAARNTHERDAISENHIMSELBUFORTIFTOECOMMAFUTHISMOUTHCLOSETOHEDEADCOMMAARNPHISFEDENSHESURNEDSERTERCEOBEXECUTIORNOTPHATBODSAINALICENOTNINYOUSAYPHATAFITYTHEDAZZITASVENNOTROCOMMAININRTCOMMASAINALICEINORTTHIRVITSATALLAFITYNOTISAINPHATBODSHEZOXENTHEJUEERSEADSTHEDAZZITZEGARNOTALICEGAKEALITTLESCDEAMOBLAUGHTEDNOTOHCOMMAHUSHTHEDAZZITPHISFEDENIRABDIGHTERENTORENOTTHEJUEERPILLHEADYOUYOUSEECOMMASHECAMEDATHEDLATECOMMAARNTHEJUEERSAINGETTOYOUDFLACESSHOUTENTHEJUEERIRAKOICEOBTHURNEDCOMMAARNFEOFLEZEGARDURRIRGAZOUTIRALLNIDECTIORSCOMMATUMZLIRGUFAGAIRSTEACHOTHEDHOPEKEDCOMMATHEYGOTSETTLENNOPRIRAMIRUTEODTPOCOMMAARNTHEGAMEZEGAR
 enter
1 to find a string
2 to subtitute	1
HER

{0,H}{0,E}{0,L}{0,O}{0,O}{0,V}{0,E}{0,N}{0,A}{0,R}{0,X}{0,I}{0,O}{0,U}{0,S}{0,L}{0,Y}{1,O}{0,K}{0,E}{0,D}{1,H}{0,I}{0,S}{0,S}{0,H}{0,O}{0,U}{0,L}{0,N}{2,E}{0,D}{0,A}{0,S}{0,H}{0,E}{0,S}{0,F}{0,O}{0,V}{0,E}{0,C}{0,O}{0,M}{0,M}{0,A}{2,A}{0,R}{0,N}{0,T}{0,H}{0,E}{0,R}{0,D}{0,A}{1,I}{0,S}{0,E}{0,N}{0,H}{0,I}{0,M}{0,S}{0,E}{0,L}{0,B}{0,U}{0,F}{0,O}{0,R}{0,T}{0,I}{0,F}{0,T}{0,O}{0,E}{0,C}{0,O}{0,M}{0,M}{1,A}{0,F}{0,U}{0,T}{0,H}{0,I}{0,S}{1,M}{0,O}{0,U}{0,T}{0,H}{0,C}{0,L}{0,O}{2,S}{0,E}{0,T}{0,O}{0,H}{0,E}{0,D}{0,E}{0,A}{0,D}{0,C}{0,O}{0,M}{0,M}{0,A}{1,A}{0,R}{0,N}{0,P}{0,H}{0,I}{0,S}{0,F}{0,E}{2,D}{0,E}{0,N}{0,S}{0,H}{0,E}{0,S}{0,U}{0,R}{0,N}{0,E}{0,D}{0,S}{0,E}{0,R}{0,T}{0,E}{0,R}{0,C}{0,E}{0,O}{0,B}{0,E}{0,X}{0,E}{0,C}{0,U}{0,T}{0,I}{0,O}{0,R}{1,N}{0,O}{0,T}{0,P}{0,H}{0,A}{0,T}{0,B}{0,O}{0,D}{0,S}{0,A}{0,I}{0,N}{0,A}{0,L}{0,I}{0,C}{0,E}{0,N}{0,O}{0,T}{0,N}{0,I}{0,N}{0,Y}{0,O}{0,U}{1,S}{0,A}{0,Y}{0,P}{0,H}{0,A}{0,T}{0,A}{0,F}{2,I}{0,T}{0,Y}{0,T}{0,H}{0,E}{0,D}{0,A}{0,Z}{0,Z}{0,I}{0,T}{0,A}{0,S}{0,V}{0,E}{0,N}{0,N}{0,O}{0,T}{0,R}{0,O}{0,C}{0,O}{0,M}{0,M}{0,A}{0,I}{0,N}{0,I}{0,N}{0,R}{0,T}{0,C}{0,O}{0,M}{0,M}{0,A}{0,S}{0,A}{0,I}{0,N}{0,A}{0,L}{0,I}{0,C}{0,E}{0,I}{0,N}{1,O}{0,R}{0,T}{0,T}{0,H}{0,I}{0,R}{0,V}{0,I}{0,T}{0,S}{0,A}{0,T}{0,A}{0,L}{0,L}{0,A}{0,F}{0,I}{0,T}{0,Y}{0,N}{0,O}{0,T}{0,I}{0,S}{1,A}{0,I}{0,N}{0,P}{0,H}{0,A}{0,T}{2,B}{0,O}{0,D}{0,S}{0,H}{0,E}{0,Z}{0,O}{2,X}{0,E}{0,N}{0,T}{0,H}{0,E}{0,J}{0,U}{0,E}{0,E}{0,R}{0,S}{0,E}{2,A}{0,D}{0,S}{0,T}{0,H}{0,E}{0,D}{0,A}{0,Z}{0,Z}{0,I}{0,T}{0,Z}{0,E}{0,G}{0,A}{0,R}{0,N}{0,O}{0,T}{0,A}{0,L}{0,I}{0,C}{0,E}{0,G}{0,A}{0,K}{0,E}{0,A}{0,L}{0,I}{0,T}{0,T}{0,L}{0,E}{0,S}{0,C}{0,D}{0,E}{0,A}{0,M}{0,O}{0,B}{1,L}{0,A}{0,U}{0,G}{0,H}{0,T}{0,E}{0,D}{1,N}{0,O}{0,T}{0,O}{0,H}{0,C}{1,O}{0,M}{0,M}{1,A}{0,H}{2,U}{0,S}{0,H}{0,T}{0,H}{0,E}{0,D}{0,A}{0,Z}{1,Z}{0,I}{0,T}{0,P}{0,H}{0,I}{0,S}{0,F}{0,E}{0,D}{0,E}{0,N}{0,I}{0,R}{0,A}{1,B}{0,D}{0,I}{0,G}{0,H}{0,T}{0,E}{0,R}{0,E}{0,N}{0,T}{0,O}{0,R}{0,E}{2,N}{0,O}{0,T}{0,T}{0,H}{0,E}{0,J}{0,U}{0,E}{0,E}{0,R}{2,P}{0,I}{0,L}{0,L}{0,H}{0,E}{0,A}{0,D}{0,Y}{0,O}{0,U}{0,Y}{0,O}{0,U}{0,S}{0,E}{0,E}{0,C}{0,O}{2,M}{0,M}{0,A}{0,S}{0,H}{0,E}{0,C}{0,A}{0,M}{2,E}{0,D}{0,A}{0,T}{0,H}{0,E}{0,D}{0,L}{0,A}{0,T}{0,E}{0,C}{0,O}{0,M}{0,M}{0,A}{2,A}{0,R}{0,N}{0,T}{0,H}{0,E}{0,J}{0,U}{0,E}{0,E}{0,R}{0,S}{0,A}{0,I}{0,N}{0,G}{0,E}{0,T}{0,T}{0,O}{0,Y}{0,O}{0,U}{0,D}{0,F}{0,L}{0,A}{1,C}{0,E}{0,S}{0,S}{0,H}{0,O}{0,U}{2,T}{0,E}{0,N}{0,T}{0,H}{0,E}{0,J}{0,U}{0,E}{0,E}{0,R}{0,I}{0,R}{0,A}{0,K}{0,O}{0,I}{0,C}{1,E}{0,O}{0,B}{0,T}{0,H}{0,U}{0,R}{0,N}{0,E}{0,D}{0,C}{0,O}{0,M}{0,M}{0,A}{0,A}{0,R}{0,N}{0,F}{0,E}{0,O}{0,F}{0,L}{0,E}{0,Z}{0,E}{0,G}{0,A}{0,R}{0,D}{0,U}{0,R}{0,R}{0,I}{0,R}{0,G}{0,A}{0,Z}{0,O}{0,U}{0,T}{0,I}{0,R}{0,A}{0,L}{0,L}{0,N}{0,I}{0,D}{0,E}{0,C}{0,T}{0,I}{0,O}{0,R}{0,S}{0,C}{0,O}{0,M}{0,M}{0,A}{0,T}{0,U}{0,M}{0,Z}{0,L}{0,I}{0,R}{0,G}{0,U}{0,F}{0,A}{0,G}{0,A}{0,I}{0,R}{0,S}{1,T}{0,E}{0,A}{2,C}{0,H}{0,O}{1,T}{0,H}{0,E}{0,D}{0,H}{0,O}{0,P}{0,E}{0,K}{0,E}{0,D}{0,C}{0,O}{2,M}{0,M}{0,A}{0,T}{0,H}{0,E}{0,Y}{0,G}{0,O}{0,T}{0,S}{0,E}{0,T}{0,T}{0,L}{0,E}{0,N}{0,N}{0,O}{0,P}{0,R}{0,I}{0,R}{0,A}{0,M}{0,I}{0,R}{0,U}{0,T}{0,E}{0,O}{0,D}{0,T}{0,P}{0,O}{0,C}{0,O}{0,M}{0,M}{0,A}{2,A}{0,R}{0,N}{0,T}{0,H}{0,E}{0,G}{0,A}{0,M}{0,E}{0,Z}{0,E}{0,G}{0,A}{0,R}

 SELECTED SUBSTRING ARE
{1,O}{0,K}{0,E}{0,D}{2,E}{0,D}{0,A}{0,S}{2,A}{0,R}{0,N}{0,T}{1,I}{0,S}{0,E}{0,N}{1,A}{0,F}{0,U}{0,T}{1,M}{0,O}{0,U}{0,T}{2,S}{0,E}{0,T}{0,O}{1,A}{0,R}{0,N}{0,P}{2,D}{0,E}{0,N}{0,S}{1,N}{0,O}{0,T}{0,P}{1,S}{0,A}{0,Y}{0,P}{2,I}{0,T}{0,Y}{0,T}{1,O}{0,R}{0,T}{0,T}{1,A}{0,I}{0,N}{0,P}{2,B}{0,O}{0,D}{0,S}{2,X}{0,E}{0,N}{0,T}{2,A}{0,D}{0,S}{0,T}{1,L}{0,A}{0,U}{0,G}{1,N}{0,O}{0,T}{0,O}{1,O}{0,M}{0,M}{1,A}{2,U}{0,S}{0,H}{0,T}{1,Z}{0,I}{0,T}{0,P}{1,B}{0,D}{0,I}{0,G}{2,N}{0,O}{0,T}{0,T}{2,P}{0,I}{0,L}{0,L}{2,M}{0,M}{0,A}{0,S}{2,E}{0,D}{0,A}{0,T}{2,A}{0,R}{0,N}{0,T}{1,C}{0,E}{0,S}{0,S}{2,T}{0,E}{0,N}{0,T}{1,E}{0,O}{0,B}{0,T}{1,T}{0,E}{0,A}{2,C}{1,T}{0,H}{0,E}{0,D}{2,M}{0,M}{0,A}{0,T}{2,A}{0,R}{0,N}{0,T}
 the manunlly set subtition keys enter ther Key Value pairs K->V && V->K 	R N

-------------------------

 replaced R -> N

 the new string is HELOOVERANXIOUSLYOKEDHISSHOULREDASHESFOVECOMMAANRTHENDAISERHIMSELBUFONTIFTOECOMMAFUTHISMOUTHCLOSETOHEDEADCOMMAANRPHISFEDERSHESUNREDSENTENCEOBEXECUTIONROTPHATBODSAIRALICEROTRIRYOUSAYPHATAFITYTHEDAZZITASVERROTNOCOMMAIRIRNTCOMMASAIRALICEIRONTTHINVITSATALLAFITYROTISAIRPHATBODSHEZOXERTHEJUEENSEADSTHEDAZZITZEGANROTALICEGAKEALITTLESCDEAMOBLAUGHTEDROTOHCOMMAHUSHTHEDAZZITPHISFEDERINABDIGHTENERTONEROTTHEJUEENPILLHEADYOUYOUSEECOMMASHECAMEDATHEDLATECOMMAANRTHEJUEENSAIRGETTOYOUDFLACESSHOUTERTHEJUEENINAKOICEOBTHUNREDCOMMAANRFEOFLEZEGANDUNNINGAZOUTINALLRIDECTIONSCOMMATUMZLINGUFAGAINSTEACHOTHEDHOPEKEDCOMMATHEYGOTSETTLERROPNINAMINUTEODTPOCOMMAANRTHEGAMEZEGAN
 enter
1 to find a string
2 to subtitute	2

 the manunlly set subtition keys enter ther Key Value pairs K->V && V->K 	R D

-------------------------

 replaced R -> D

 the new string is HELOOVEDANXIOUSLYOKERHISSHOULDERASHESFOVECOMMAANDTHENRAISEDHIMSELBUFONTIFTOECOMMAFUTHISMOUTHCLOSETOHEREARCOMMAANDPHISFEREDSHESUNDERSENTENCEOBEXECUTIONDOTPHATBORSAIDALICEDOTDIDYOUSAYPHATAFITYTHERAZZITASVEDDOTNOCOMMAIDIDNTCOMMASAIDALICEIDONTTHINVITSATALLAFITYDOTISAIDPHATBORSHEZOXEDTHEJUEENSEARSTHERAZZITZEGANDOTALICEGAKEALITTLESCREAMOBLAUGHTERDOTOHCOMMAHUSHTHERAZZITPHISFEREDINABRIGHTENEDTONEDOTTHEJUEENPILLHEARYOUYOUSEECOMMASHECAMERATHERLATECOMMAANDTHEJUEENSAIDGETTOYOURFLACESSHOUTEDTHEJUEENINAKOICEOBTHUNDERCOMMAANDFEOFLEZEGANRUNNINGAZOUTINALLDIRECTIONSCOMMATUMZLINGUFAGAINSTEACHOTHERHOPEKERCOMMATHEYGOTSETTLEDDOPNINAMINUTEORTPOCOMMAANDTHEGAMEZEGAN
 enter
1 to find a string
2 to subtitute	2

 the manunlly set subtition keys enter ther Key Value pairs K->V && V->K 	Z B

-------------------------

 replaced Z -> B

 the new string is HELOOVEDANXIOUSLYOKERHISSHOULDERASHESFOVECOMMAANDTHENRAISEDHIMSELZUFONTIFTOECOMMAFUTHISMOUTHCLOSETOHEREARCOMMAANDPHISFEREDSHESUNDERSENTENCEOZEXECUTIONDOTPHATZORSAIDALICEDOTDIDYOUSAYPHATAFITYTHERABBITASVEDDOTNOCOMMAIDIDNTCOMMASAIDALICEIDONTTHINVITSATALLAFITYDOTISAIDPHATZORSHEBOXEDTHEJUEENSEARSTHERABBITBEGANDOTALICEGAKEALITTLESCREAMOZLAUGHTERDOTOHCOMMAHUSHTHERABBITPHISFEREDINAZRIGHTENEDTONEDOTTHEJUEENPILLHEARYOUYOUSEECOMMASHECAMERATHERLATECOMMAANDTHEJUEENSAIDGETTOYOURFLACESSHOUTEDTHEJUEENINAKOICEOZTHUNDERCOMMAANDFEOFLEBEGANRUNNINGABOUTINALLDIRECTIONSCOMMATUMBLINGUFAGAINSTEACHOTHERHOPEKERCOMMATHEYGOTSETTLEDDOPNINAMINUTEORTPOCOMMAANDTHEGAMEBEGAN
 enter
1 to find a string
2 to subtitute	2

 the manunlly set subtition keys enter ther Key Value pairs K->V && V->K 	V K

-------------------------

 replaced V -> K

 the new string is HELOOKEDANXIOUSLYOVERHISSHOULDERASHESFOKECOMMAANDTHENRAISEDHIMSELZUFONTIFTOECOMMAFUTHISMOUTHCLOSETOHEREARCOMMAANDPHISFEREDSHESUNDERSENTENCEOZEXECUTIONDOTPHATZORSAIDALICEDOTDIDYOUSAYPHATAFITYTHERABBITASKEDDOTNOCOMMAIDIDNTCOMMASAIDALICEIDONTTHINKITSATALLAFITYDOTISAIDPHATZORSHEBOXEDTHEJUEENSEARSTHERABBITBEGANDOTALICEGAVEALITTLESCREAMOZLAUGHTERDOTOHCOMMAHUSHTHERABBITPHISFEREDINAZRIGHTENEDTONEDOTTHEJUEENPILLHEARYOUYOUSEECOMMASHECAMERATHERLATECOMMAANDTHEJUEENSAIDGETTOYOURFLACESSHOUTEDTHEJUEENINAVOICEOZTHUNDERCOMMAANDFEOFLEBEGANRUNNINGABOUTINALLDIRECTIONSCOMMATUMBLINGUFAGAINSTEACHOTHERHOPEVERCOMMATHEYGOTSETTLEDDOPNINAMINUTEORTPOCOMMAANDTHEGAMEBEGAN
 enter
1 to find a string
2 to subtitute	2

 the manunlly set subtition keys enter ther Key Value pairs K->V && V->K 	Z F

-------------------------

 replaced Z -> F

 the new string is HELOOKEDANXIOUSLYOVERHISSHOULDERASHESZOKECOMMAANDTHENRAISEDHIMSELFUZONTIZTOECOMMAZUTHISMOUTHCLOSETOHEREARCOMMAANDPHISZEREDSHESUNDERSENTENCEOFEXECUTIONDOTPHATFORSAIDALICEDOTDIDYOUSAYPHATAZITYTHERABBITASKEDDOTNOCOMMAIDIDNTCOMMASAIDALICEIDONTTHINKITSATALLAZITYDOTISAIDPHATFORSHEBOXEDTHEJUEENSEARSTHERABBITBEGANDOTALICEGAVEALITTLESCREAMOFLAUGHTERDOTOHCOMMAHUSHTHERABBITPHISZEREDINAFRIGHTENEDTONEDOTTHEJUEENPILLHEARYOUYOUSEECOMMASHECAMERATHERLATECOMMAANDTHEJUEENSAIDGETTOYOURZLACESSHOUTEDTHEJUEENINAVOICEOFTHUNDERCOMMAANDZEOZLEBEGANRUNNINGABOUTINALLDIRECTIONSCOMMATUMBLINGUZAGAINSTEACHOTHERHOPEVERCOMMATHEYGOTSETTLEDDOPNINAMINUTEORTPOCOMMAANDTHEGAMEBEGAN
 enter
1 to find a string
2 to subtitute	2

 the manunlly set subtition keys enter ther Key Value pairs K->V && V->K 	P W

-------------------------

 replaced P -> W

 the new string is HELOOKEDANXIOUSLYOVERHISSHOULDERASHESZOKECOMMAANDTHENRAISEDHIMSELFUZONTIZTOECOMMAZUTHISMOUTHCLOSETOHEREARCOMMAANDWHISZEREDSHESUNDERSENTENCEOFEXECUTIONDOTWHATFORSAIDALICEDOTDIDYOUSAYWHATAZITYTHERABBITASKEDDOTNOCOMMAIDIDNTCOMMASAIDALICEIDONTTHINKITSATALLAZITYDOTISAIDWHATFORSHEBOXEDTHEJUEENSEARSTHERABBITBEGANDOTALICEGAVEALITTLESCREAMOFLAUGHTERDOTOHCOMMAHUSHTHERABBITWHISZEREDINAFRIGHTENEDTONEDOTTHEJUEENWILLHEARYOUYOUSEECOMMASHECAMERATHERLATECOMMAANDTHEJUEENSAIDGETTOYOURZLACESSHOUTEDTHEJUEENINAVOICEOFTHUNDERCOMMAANDZEOZLEBEGANRUNNINGABOUTINALLDIRECTIONSCOMMATUMBLINGUZAGAINSTEACHOTHERHOWEVERCOMMATHEYGOTSETTLEDDOWNINAMINUTEORTWOCOMMAANDTHEGAMEBEGAN
 enter
1 to find a string
2 to subtitute	2

 the manunlly set subtition keys enter ther Key Value pairs K->V && V->K 	Z P

-------------------------

 replaced Z -> P

 the new string is HELOOKEDANXIOUSLYOVERHISSHOULDERASHESPOKECOMMAANDTHENRAISEDHIMSELFUPONTIPTOECOMMAPUTHISMOUTHCLOSETOHEREARCOMMAANDWHISPEREDSHESUNDERSENTENCEOFEXECUTIONDOTWHATFORSAIDALICEDOTDIDYOUSAYWHATAPITYTHERABBITASKEDDOTNOCOMMAIDIDNTCOMMASAIDALICEIDONTTHINKITSATALLAPITYDOTISAIDWHATFORSHEBOXEDTHEJUEENSEARSTHERABBITBEGANDOTALICEGAVEALITTLESCREAMOFLAUGHTERDOTOHCOMMAHUSHTHERABBITWHISPEREDINAFRIGHTENEDTONEDOTTHEJUEENWILLHEARYOUYOUSEECOMMASHECAMERATHERLATECOMMAANDTHEJUEENSAIDGETTOYOURPLACESSHOUTEDTHEJUEENINAVOICEOFTHUNDERCOMMAANDPEOPLEBEGANRUNNINGABOUTINALLDIRECTIONSCOMMATUMBLINGUPAGAINSTEACHOTHERHOWEVERCOMMATHEYGOTSETTLEDDOWNINAMINUTEORTWOCOMMAANDTHEGAMEBEGAN
 enter
1 to find a string
2 to subtitute	2

 the manunlly set subtition keys enter ther Key Value pairs K->V && V->K 	J Q

-------------------------

 replaced J -> Q

 the new string is 
HE
LOOKED
ANXIOUSLY
OVERHISSHOULDERASHESPOKECOMMAANDTHENRAISEDHIMSELFUPONTIPTOECOMMAPUTHISMOUTHCLOSETOHEREARCOMMAANDWHISPEREDSHESUNDERSENTENCEOFEXECUTIONDOTWHATFORSAIDALICEDOTDIDYOUSAYWHATAPITYTHERABBITASKEDDOTNOCOMMAIDIDNTCOMMASAIDALICEIDONTTHINKITSATALLAPITYDOTISAIDWHATFORSHEBOXEDTHEQUEENSEARSTHERABBITBEGANDOTALICEGAVEALITTLESCREAMOFLAUGHTERDOTOHCOMMAHUSHTHERABBITWHISPEREDINAFRIGHTENEDTONEDOTTHEQUEENWILLHEARYOUYOUSEECOMMASHECAMERATHERLATECOMMAANDTHEQUEENSAIDGETTOYOURPLACESSHOUTEDTHEQUEENINAVOICEOFTHUNDERCOMMAANDPEOPLEBEGANRUNNINGABOUTINALLDIRECTIONSCOMMATUMBLINGUPAGAINSTEACHOTHERHOWEVERCOMMATHEYGOTSETTLEDDOWNINAMINUTEORTWOCOMMAANDTHE
GAME
BEGAN

FS
EXXISG
LUTMXRBEH
OVERHISSHOULDERASHESPOKECOMMAANDTHENRAISEDHIMSELFUPONTIPTOECOMMAPUTHISMOUTHCLOSETOHEREARCOMMAANDWHISPEREDSHESUNDERSENTENCEOFEXECUTIONDOTWHATFORSAIDALICE
XPSOFMBBFXREGSOLBFSBCXISDXYYLLUGKFSUOLMBSGFMYBSEJRCXUKMCKXSDXYYLCRKFMBYXRKFDEXBSKXFSOSLODXYYLLUGVFMBCSOSGBFSBRUGSOBSUKSUDSXJSTSDRKMXUGXKVFLKJXOBLMGLEMDSGXKGMGHXRBLHVFLKLCMKHKFSOLAAMKLBISGGXKUXDXYYLMGMGUKDXYYLBLMGLEMDSMGXUKKFMUIMKBLKLEELCMKHGXKMBLMGVFLKJXOBFSAXTSGKFSQRSSUBSLOBKFSOLAAMKASZLUGXKLEMDSZLPSLEMKKESBDOSLYXJELRZFKSOGXKXFDXYYLFRBFKFSOLAAMKVFMBCSOSGMULJOMZFKSUSGKXUSGXKKFSQRSSUVMEEFSLOHXRHXRBSSDXYYLBFSDLYSOLKFSOELKSDXYYLLUGKFSQRSSUBLMGZSKKXHXROCELDSBBFXRKSGKFSQRSSUMULPXMDSXJKFRUGSODXYYLLUGCSXCESASZLUORUUMUZLAXRKMULEEGMOSDKMXUBDXYYLKRYAEMUZRCLZLMUBKSLDFXKFSOFXVSPSODXYYLKFSHZXKBSKKESGGXVUMULYMURKSXOKVXDXYYLLUGKFS
ZLYS
ASZLU

 enter
1 to find a string
2 to subtitute